<?xml version="1.0" encoding="UTF-8"?>
<!-- Generated by org.testng.reporters.JUnitReportReporter -->
<testsuite hostname="ADITYA" failures="0" tests="1" name="com.providence.hms.AdminTest.trial" time="5.288" errors="0" timestamp="17 Jun 2024 14:31:28 GMT" skipped="0">
  <testcase classname="com.providence.hms.AdminTest.trial" name="tc" time="5.288"/>
</testsuite> <!-- com.providence.hms.AdminTest.trial -->
