<?xml version="1.0" encoding="UTF-8"?>
<!-- Generated by org.testng.reporters.JUnitReportReporter -->
<testsuite hostname="ADITYA" failures="0" tests="1" name="com.providence.hms.AdminTest.AboutUsTest" time="6.017" errors="0" timestamp="20 Jun 2024 06:49:53 GMT" skipped="0">
  <testcase classname="com.providence.hms.AdminTest.AboutUsTest" name="verifyUpdateAboutUs" time="6.017"/>
</testsuite> <!-- com.providence.hms.AdminTest.AboutUsTest -->
