<?xml version="1.0" encoding="UTF-8"?>
<!-- Generated by org.testng.reporters.JUnitReportReporter -->
<testsuite hostname="ADITYA" failures="0" tests="1" name="com.providence.hms.AdminTest.CreateUserAndDeleteUserTest" time="33.027" errors="0" timestamp="19 Jun 2024 06:25:07 GMT" skipped="0">
  <testcase classname="com.providence.hms.AdminTest.CreateUserAndDeleteUserTest" name="verifyCreateUserAndDeleteUserByAdmin" time="33.027"/>
</testsuite> <!-- com.providence.hms.AdminTest.CreateUserAndDeleteUserTest -->
